2025-09-25 08:12:24,754 [INFO] org.omnera.picbloom.PicbloomApplication [main] Starting PicbloomApplication using Java 17.0.16 with PID 1488 (/Users/pankaj/spring projects/picbloom/backend/target/classes started by pankaj in /Users/pankaj/spring projects/picbloom/backend)
2025-09-25 08:12:24,757 [DEBUG] org.omnera.picbloom.PicbloomApplication [main] Running with Spring Boot v3.5.5, Spring v6.2.10
2025-09-25 08:12:24,757 [INFO] org.omnera.picbloom.PicbloomApplication [main] No active profile set, falling back to 1 default profile: "default"
2025-09-25 08:12:25,127 [INFO] org.springframework.data.repository.config.RepositoryConfigurationDelegate [main] Bootstrapping Spring Data JPA repositories in DEFAULT mode.
2025-09-25 08:12:25,157 [INFO] org.springframework.data.repository.config.RepositoryConfigurationDelegate [main] Finished Spring Data repository scanning in 24 ms. Found 3 JPA repository interfaces.
2025-09-25 08:12:25,380 [INFO] org.springframework.boot.web.embedded.tomcat.TomcatWebServer [main] Tomcat initialized with port 8080 (http)
2025-09-25 08:12:25,386 [INFO] org.apache.catalina.core.StandardService [main] Starting service [Tomcat]
2025-09-25 08:12:25,386 [INFO] org.apache.catalina.core.StandardEngine [main] Starting Servlet engine: [Apache Tomcat/10.1.44]
2025-09-25 08:12:25,409 [INFO] org.apache.catalina.core.ContainerBase.[Tomcat].[localhost].[/] [main] Initializing Spring embedded WebApplicationContext
2025-09-25 08:12:25,409 [INFO] org.springframework.boot.web.servlet.context.ServletWebServerApplicationContext [main] Root WebApplicationContext: initialization completed in 628 ms
2025-09-25 08:12:25,493 [INFO] org.hibernate.jpa.internal.util.LogHelper [main] HHH000204: Processing PersistenceUnitInfo [name: default]
2025-09-25 08:12:25,524 [INFO] org.hibernate.Version [main] HHH000412: Hibernate ORM core version 6.6.26.Final
2025-09-25 08:12:25,540 [INFO] org.hibernate.cache.internal.RegionFactoryInitiator [main] HHH000026: Second-level cache disabled
2025-09-25 08:12:25,641 [INFO] org.springframework.orm.jpa.persistenceunit.SpringPersistenceUnitInfo [main] No LoadTimeWeaver setup: ignoring JPA class transformer
2025-09-25 08:12:25,651 [INFO] com.zaxxer.hikari.HikariDataSource [main] HikariPool-1 - Starting...
2025-09-25 08:12:25,729 [INFO] com.zaxxer.hikari.pool.HikariPool [main] HikariPool-1 - Added connection conn0: url=jdbc:h2:file:./db/picbloom user=ADMIN
2025-09-25 08:12:25,730 [INFO] com.zaxxer.hikari.HikariDataSource [main] HikariPool-1 - Start completed.
2025-09-25 08:12:25,740 [WARN] org.hibernate.orm.deprecation [main] HHH90000025: H2Dialect does not need to be specified explicitly using 'hibernate.dialect' (remove the property setting and it will be selected by default)
2025-09-25 08:12:25,747 [INFO] org.hibernate.orm.connections.pooling [main] HHH10001005: Database info:
	Database JDBC URL [Connecting through datasource 'HikariDataSource (HikariPool-1)']
	Database driver: undefined/unknown
	Database version: 2.3.232
	Autocommit mode: undefined/unknown
	Isolation level: undefined/unknown
	Minimum pool size: undefined/unknown
	Maximum pool size: undefined/unknown
2025-09-25 08:12:26,034 [INFO] org.hibernate.engine.transaction.jta.platform.internal.JtaPlatformInitiator [main] HHH000489: No JTA platform available (set 'hibernate.transaction.jta.platform' to enable JTA platform integration)
2025-09-25 08:12:26,049 [INFO] org.springframework.orm.jpa.LocalContainerEntityManagerFactoryBean [main] Initialized JPA EntityManagerFactory for persistence unit 'default'
2025-09-25 08:12:26,184 [INFO] org.springframework.security.config.annotation.authentication.configuration.InitializeUserDetailsBeanManagerConfigurer$InitializeUserDetailsManagerConfigurer [main] Global AuthenticationManager configured with UserDetailsService bean with name accountService
2025-09-25 08:12:26,369 [WARN] org.springframework.boot.autoconfigure.orm.jpa.JpaBaseConfiguration$JpaWebConfiguration [main] spring.jpa.open-in-view is enabled by default. Therefore, database queries may be performed during view rendering. Explicitly configure spring.jpa.open-in-view to disable this warning
2025-09-25 08:12:26,591 [INFO] org.springframework.boot.autoconfigure.h2.H2ConsoleAutoConfiguration [main] H2 console available at '/db-console'. Database available at 'jdbc:h2:file:./db/picbloom'
2025-09-25 08:12:26,628 [INFO] org.springframework.boot.web.embedded.tomcat.TomcatWebServer [main] Tomcat started on port 8080 (http) with context path '/'
2025-09-25 08:12:26,633 [INFO] org.omnera.picbloom.PicbloomApplication [main] Started PicbloomApplication in 2.052 seconds (process running for 2.168)
2025-09-25 08:34:27,293 [WARN] com.zaxxer.hikari.pool.HikariPool [HikariPool-1:housekeeper] HikariPool-1 - Thread starvation or clock leap detected (housekeeper delta=20m1s449ms).
2025-09-25 08:37:15,011 [INFO] org.apache.catalina.core.ContainerBase.[Tomcat].[localhost].[/] [http-nio-8080-exec-1] Initializing Spring DispatcherServlet 'dispatcherServlet'
2025-09-25 08:37:15,012 [INFO] org.springframework.web.servlet.DispatcherServlet [http-nio-8080-exec-1] Initializing Servlet 'dispatcherServlet'
2025-09-25 08:37:15,013 [INFO] org.springframework.web.servlet.DispatcherServlet [http-nio-8080-exec-1] Completed initialization in 1 ms
2025-09-25 08:43:00,620 [WARN] com.zaxxer.hikari.pool.HikariPool [HikariPool-1:housekeeper] HikariPool-1 - Thread starvation or clock leap detected (housekeeper delta=1m3s262ms).
2025-09-25 09:18:00,842 [WARN] com.zaxxer.hikari.pool.HikariPool [HikariPool-1:housekeeper] HikariPool-1 - Thread starvation or clock leap detected (housekeeper delta=7m29s994ms).
2025-09-25 09:36:25,107 [INFO] org.springframework.boot.web.embedded.tomcat.GracefulShutdown [SpringApplicationShutdownHook] Commencing graceful shutdown. Waiting for active requests to complete
2025-09-25 09:36:25,124 [INFO] org.springframework.boot.web.embedded.tomcat.GracefulShutdown [tomcat-shutdown] Graceful shutdown complete
2025-09-25 09:36:25,129 [INFO] org.springframework.orm.jpa.LocalContainerEntityManagerFactoryBean [SpringApplicationShutdownHook] Closing JPA EntityManagerFactory for persistence unit 'default'
2025-09-25 09:36:25,165 [INFO] com.zaxxer.hikari.HikariDataSource [SpringApplicationShutdownHook] HikariPool-1 - Shutdown initiated...
2025-09-25 09:36:25,242 [INFO] com.zaxxer.hikari.HikariDataSource [SpringApplicationShutdownHook] HikariPool-1 - Shutdown completed.
2025-09-25 15:11:14,329 [INFO] org.omnera.picbloom.PicbloomApplication [main] Starting PicbloomApplication using Java 17.0.16 with PID 88315 (/Users/pankaj/spring projects/picbloom/backend/target/classes started by pankaj in /Users/pankaj/spring projects/picbloom/backend)
2025-09-25 15:11:14,330 [DEBUG] org.omnera.picbloom.PicbloomApplication [main] Running with Spring Boot v3.5.5, Spring v6.2.10
2025-09-25 15:11:14,330 [INFO] org.omnera.picbloom.PicbloomApplication [main] No active profile set, falling back to 1 default profile: "default"
2025-09-25 15:11:14,649 [INFO] org.springframework.data.repository.config.RepositoryConfigurationDelegate [main] Bootstrapping Spring Data JPA repositories in DEFAULT mode.
2025-09-25 15:11:14,670 [INFO] org.springframework.data.repository.config.RepositoryConfigurationDelegate [main] Finished Spring Data repository scanning in 17 ms. Found 3 JPA repository interfaces.
2025-09-25 15:11:14,857 [INFO] org.springframework.boot.web.embedded.tomcat.TomcatWebServer [main] Tomcat initialized with port 8080 (http)
2025-09-25 15:11:14,862 [INFO] org.apache.catalina.core.StandardService [main] Starting service [Tomcat]
2025-09-25 15:11:14,863 [INFO] org.apache.catalina.core.StandardEngine [main] Starting Servlet engine: [Apache Tomcat/10.1.44]
2025-09-25 15:11:14,884 [INFO] org.apache.catalina.core.ContainerBase.[Tomcat].[localhost].[/] [main] Initializing Spring embedded WebApplicationContext
2025-09-25 15:11:14,884 [INFO] org.springframework.boot.web.servlet.context.ServletWebServerApplicationContext [main] Root WebApplicationContext: initialization completed in 535 ms
2025-09-25 15:11:14,941 [INFO] org.hibernate.jpa.internal.util.LogHelper [main] HHH000204: Processing PersistenceUnitInfo [name: default]
2025-09-25 15:11:14,970 [INFO] org.hibernate.Version [main] HHH000412: Hibernate ORM core version 6.6.26.Final
2025-09-25 15:11:14,987 [INFO] org.hibernate.cache.internal.RegionFactoryInitiator [main] HHH000026: Second-level cache disabled
2025-09-25 15:11:15,079 [INFO] org.springframework.orm.jpa.persistenceunit.SpringPersistenceUnitInfo [main] No LoadTimeWeaver setup: ignoring JPA class transformer
2025-09-25 15:11:15,090 [INFO] com.zaxxer.hikari.HikariDataSource [main] HikariPool-1 - Starting...
2025-09-25 15:11:15,163 [INFO] com.zaxxer.hikari.pool.HikariPool [main] HikariPool-1 - Added connection conn0: url=jdbc:h2:file:./db/picbloom user=ADMIN
2025-09-25 15:11:15,164 [INFO] com.zaxxer.hikari.HikariDataSource [main] HikariPool-1 - Start completed.
2025-09-25 15:11:15,174 [WARN] org.hibernate.orm.deprecation [main] HHH90000025: H2Dialect does not need to be specified explicitly using 'hibernate.dialect' (remove the property setting and it will be selected by default)
2025-09-25 15:11:15,182 [INFO] org.hibernate.orm.connections.pooling [main] HHH10001005: Database info:
	Database JDBC URL [Connecting through datasource 'HikariDataSource (HikariPool-1)']
	Database driver: undefined/unknown
	Database version: 2.3.232
	Autocommit mode: undefined/unknown
	Isolation level: undefined/unknown
	Minimum pool size: undefined/unknown
	Maximum pool size: undefined/unknown
2025-09-25 15:11:15,475 [INFO] org.hibernate.engine.transaction.jta.platform.internal.JtaPlatformInitiator [main] HHH000489: No JTA platform available (set 'hibernate.transaction.jta.platform' to enable JTA platform integration)
2025-09-25 15:11:15,491 [INFO] org.springframework.orm.jpa.LocalContainerEntityManagerFactoryBean [main] Initialized JPA EntityManagerFactory for persistence unit 'default'
2025-09-25 15:11:15,608 [INFO] org.springframework.security.config.annotation.authentication.configuration.InitializeUserDetailsBeanManagerConfigurer$InitializeUserDetailsManagerConfigurer [main] Global AuthenticationManager configured with UserDetailsService bean with name accountService
2025-09-25 15:11:15,842 [WARN] org.springframework.boot.autoconfigure.orm.jpa.JpaBaseConfiguration$JpaWebConfiguration [main] spring.jpa.open-in-view is enabled by default. Therefore, database queries may be performed during view rendering. Explicitly configure spring.jpa.open-in-view to disable this warning
2025-09-25 15:11:16,019 [INFO] org.springframework.boot.autoconfigure.h2.H2ConsoleAutoConfiguration [main] H2 console available at '/db-console'. Database available at 'jdbc:h2:file:./db/picbloom'
2025-09-25 15:11:16,049 [INFO] org.springframework.boot.web.embedded.tomcat.TomcatWebServer [main] Tomcat started on port 8080 (http) with context path '/'
2025-09-25 15:11:16,053 [INFO] org.omnera.picbloom.PicbloomApplication [main] Started PicbloomApplication in 1.894 seconds (process running for 2.013)
2025-09-25 15:11:44,737 [INFO] org.apache.catalina.core.ContainerBase.[Tomcat].[localhost].[/] [http-nio-8080-exec-1] Initializing Spring DispatcherServlet 'dispatcherServlet'
2025-09-25 15:11:44,737 [INFO] org.springframework.web.servlet.DispatcherServlet [http-nio-8080-exec-1] Initializing Servlet 'dispatcherServlet'
2025-09-25 15:11:44,738 [INFO] org.springframework.web.servlet.DispatcherServlet [http-nio-8080-exec-1] Completed initialization in 1 ms
2025-09-25 15:52:47,264 [WARN] com.zaxxer.hikari.pool.HikariPool [HikariPool-1:housekeeper] HikariPool-1 - Thread starvation or clock leap detected (housekeeper delta=1m1s659ms).
2025-09-25 17:35:00,681 [WARN] com.zaxxer.hikari.pool.HikariPool [HikariPool-1:housekeeper] HikariPool-1 - Thread starvation or clock leap detected (housekeeper delta=34m42s890ms).
2025-09-25 18:16:53,188 [WARN] com.zaxxer.hikari.pool.HikariPool [HikariPool-1:housekeeper] HikariPool-1 - Thread starvation or clock leap detected (housekeeper delta=41m52s507ms).
2025-09-25 18:30:42,753 [INFO] org.springframework.boot.web.embedded.tomcat.GracefulShutdown [SpringApplicationShutdownHook] Commencing graceful shutdown. Waiting for active requests to complete
2025-09-25 18:30:42,763 [INFO] org.springframework.boot.web.embedded.tomcat.GracefulShutdown [tomcat-shutdown] Graceful shutdown complete
2025-09-25 18:30:42,767 [INFO] org.springframework.orm.jpa.LocalContainerEntityManagerFactoryBean [SpringApplicationShutdownHook] Closing JPA EntityManagerFactory for persistence unit 'default'
2025-09-25 18:30:42,806 [INFO] com.zaxxer.hikari.HikariDataSource [SpringApplicationShutdownHook] HikariPool-1 - Shutdown initiated...
2025-09-25 18:30:42,878 [INFO] com.zaxxer.hikari.HikariDataSource [SpringApplicationShutdownHook] HikariPool-1 - Shutdown completed.
2025-09-25 18:30:43,670 [INFO] org.omnera.picbloom.PicbloomApplication [main] Starting PicbloomApplication using Java 17.0.16 with PID 46168 (/Users/pankaj/spring projects/picbloom/backend/target/classes started by pankaj in /Users/pankaj/spring projects/picbloom/backend)
2025-09-25 18:30:43,671 [DEBUG] org.omnera.picbloom.PicbloomApplication [main] Running with Spring Boot v3.5.5, Spring v6.2.10
2025-09-25 18:30:43,671 [INFO] org.omnera.picbloom.PicbloomApplication [main] No active profile set, falling back to 1 default profile: "default"
2025-09-25 18:30:44,006 [INFO] org.springframework.data.repository.config.RepositoryConfigurationDelegate [main] Bootstrapping Spring Data JPA repositories in DEFAULT mode.
2025-09-25 18:30:44,032 [INFO] org.springframework.data.repository.config.RepositoryConfigurationDelegate [main] Finished Spring Data repository scanning in 21 ms. Found 3 JPA repository interfaces.
2025-09-25 18:30:44,245 [INFO] org.springframework.boot.web.embedded.tomcat.TomcatWebServer [main] Tomcat initialized with port 8080 (http)
2025-09-25 18:30:44,250 [INFO] org.apache.catalina.core.StandardService [main] Starting service [Tomcat]
2025-09-25 18:30:44,250 [INFO] org.apache.catalina.core.StandardEngine [main] Starting Servlet engine: [Apache Tomcat/10.1.44]
2025-09-25 18:30:44,274 [INFO] org.apache.catalina.core.ContainerBase.[Tomcat].[localhost].[/] [main] Initializing Spring embedded WebApplicationContext
2025-09-25 18:30:44,274 [INFO] org.springframework.boot.web.servlet.context.ServletWebServerApplicationContext [main] Root WebApplicationContext: initialization completed in 579 ms
2025-09-25 18:30:44,341 [INFO] org.hibernate.jpa.internal.util.LogHelper [main] HHH000204: Processing PersistenceUnitInfo [name: default]
2025-09-25 18:30:44,363 [INFO] org.hibernate.Version [main] HHH000412: Hibernate ORM core version 6.6.26.Final
2025-09-25 18:30:44,381 [INFO] org.hibernate.cache.internal.RegionFactoryInitiator [main] HHH000026: Second-level cache disabled
2025-09-25 18:30:44,470 [INFO] org.springframework.orm.jpa.persistenceunit.SpringPersistenceUnitInfo [main] No LoadTimeWeaver setup: ignoring JPA class transformer
2025-09-25 18:30:44,480 [INFO] com.zaxxer.hikari.HikariDataSource [main] HikariPool-1 - Starting...
2025-09-25 18:30:44,557 [INFO] com.zaxxer.hikari.pool.HikariPool [main] HikariPool-1 - Added connection conn0: url=jdbc:h2:file:./db/picbloom user=ADMIN
2025-09-25 18:30:44,557 [INFO] com.zaxxer.hikari.HikariDataSource [main] HikariPool-1 - Start completed.
2025-09-25 18:30:44,566 [WARN] org.hibernate.orm.deprecation [main] HHH90000025: H2Dialect does not need to be specified explicitly using 'hibernate.dialect' (remove the property setting and it will be selected by default)
2025-09-25 18:30:44,574 [INFO] org.hibernate.orm.connections.pooling [main] HHH10001005: Database info:
	Database JDBC URL [Connecting through datasource 'HikariDataSource (HikariPool-1)']
	Database driver: undefined/unknown
	Database version: 2.3.232
	Autocommit mode: undefined/unknown
	Isolation level: undefined/unknown
	Minimum pool size: undefined/unknown
	Maximum pool size: undefined/unknown
2025-09-25 18:30:44,846 [INFO] org.hibernate.engine.transaction.jta.platform.internal.JtaPlatformInitiator [main] HHH000489: No JTA platform available (set 'hibernate.transaction.jta.platform' to enable JTA platform integration)
2025-09-25 18:30:44,860 [INFO] org.springframework.orm.jpa.LocalContainerEntityManagerFactoryBean [main] Initialized JPA EntityManagerFactory for persistence unit 'default'
2025-09-25 18:30:44,983 [INFO] org.springframework.security.config.annotation.authentication.configuration.InitializeUserDetailsBeanManagerConfigurer$InitializeUserDetailsManagerConfigurer [main] Global AuthenticationManager configured with UserDetailsService bean with name accountService
2025-09-25 18:30:45,242 [WARN] org.springframework.boot.autoconfigure.orm.jpa.JpaBaseConfiguration$JpaWebConfiguration [main] spring.jpa.open-in-view is enabled by default. Therefore, database queries may be performed during view rendering. Explicitly configure spring.jpa.open-in-view to disable this warning
2025-09-25 18:30:45,433 [INFO] org.springframework.boot.autoconfigure.h2.H2ConsoleAutoConfiguration [main] H2 console available at '/db-console'. Database available at 'jdbc:h2:file:./db/picbloom'
2025-09-25 18:30:45,467 [INFO] org.springframework.boot.web.embedded.tomcat.TomcatWebServer [main] Tomcat started on port 8080 (http) with context path '/'
2025-09-25 18:30:45,472 [INFO] org.omnera.picbloom.PicbloomApplication [main] Started PicbloomApplication in 1.974 seconds (process running for 2.079)
2025-09-25 18:30:59,708 [INFO] org.apache.catalina.core.ContainerBase.[Tomcat].[localhost].[/] [http-nio-8080-exec-1] Initializing Spring DispatcherServlet 'dispatcherServlet'
2025-09-25 18:30:59,708 [INFO] org.springframework.web.servlet.DispatcherServlet [http-nio-8080-exec-1] Initializing Servlet 'dispatcherServlet'
2025-09-25 18:30:59,709 [INFO] org.springframework.web.servlet.DispatcherServlet [http-nio-8080-exec-1] Completed initialization in 1 ms
2025-09-25 18:55:40,462 [WARN] com.zaxxer.hikari.pool.HikariPool [HikariPool-1:housekeeper] HikariPool-1 - Thread starvation or clock leap detected (housekeeper delta=12m55s687ms).
2025-09-25 20:01:49,099 [WARN] com.zaxxer.hikari.pool.HikariPool [HikariPool-1:housekeeper] HikariPool-1 - Thread starvation or clock leap detected (housekeeper delta=6m38s138ms).
2025-09-25 20:51:57,321 [INFO] org.springframework.boot.web.embedded.tomcat.GracefulShutdown [SpringApplicationShutdownHook] Commencing graceful shutdown. Waiting for active requests to complete
2025-09-25 20:51:57,332 [INFO] org.springframework.boot.web.embedded.tomcat.GracefulShutdown [tomcat-shutdown] Graceful shutdown complete
2025-09-25 20:51:57,337 [INFO] org.springframework.orm.jpa.LocalContainerEntityManagerFactoryBean [SpringApplicationShutdownHook] Closing JPA EntityManagerFactory for persistence unit 'default'
2025-09-25 20:51:57,437 [INFO] com.zaxxer.hikari.HikariDataSource [SpringApplicationShutdownHook] HikariPool-1 - Shutdown initiated...
2025-09-25 20:51:57,505 [INFO] com.zaxxer.hikari.HikariDataSource [SpringApplicationShutdownHook] HikariPool-1 - Shutdown completed.
2025-09-25 20:51:58,355 [INFO] org.omnera.picbloom.PicbloomApplication [main] Starting PicbloomApplication using Java 17.0.16 with PID 82154 (/Users/pankaj/spring projects/picbloom/backend/target/classes started by pankaj in /Users/pankaj/spring projects/picbloom/backend)
2025-09-25 20:51:58,355 [INFO] org.omnera.picbloom.PicbloomApplication [main] No active profile set, falling back to 1 default profile: "default"
2025-09-25 20:51:58,703 [INFO] org.springframework.data.repository.config.RepositoryConfigurationDelegate [main] Bootstrapping Spring Data JPA repositories in DEFAULT mode.
2025-09-25 20:51:58,728 [INFO] org.springframework.data.repository.config.RepositoryConfigurationDelegate [main] Finished Spring Data repository scanning in 20 ms. Found 3 JPA repository interfaces.
2025-09-25 20:51:58,941 [INFO] org.springframework.boot.web.embedded.tomcat.TomcatWebServer [main] Tomcat initialized with port 8080 (http)
2025-09-25 20:51:58,947 [INFO] org.apache.catalina.core.StandardService [main] Starting service [Tomcat]
2025-09-25 20:51:58,947 [INFO] org.apache.catalina.core.StandardEngine [main] Starting Servlet engine: [Apache Tomcat/10.1.44]
2025-09-25 20:51:58,971 [INFO] org.apache.catalina.core.ContainerBase.[Tomcat].[localhost].[/] [main] Initializing Spring embedded WebApplicationContext
2025-09-25 20:51:58,971 [INFO] org.springframework.boot.web.servlet.context.ServletWebServerApplicationContext [main] Root WebApplicationContext: initialization completed in 591 ms
2025-09-25 20:51:59,039 [INFO] org.hibernate.jpa.internal.util.LogHelper [main] HHH000204: Processing PersistenceUnitInfo [name: default]
2025-09-25 20:51:59,066 [INFO] org.hibernate.Version [main] HHH000412: Hibernate ORM core version 6.6.26.Final
2025-09-25 20:51:59,084 [INFO] org.hibernate.cache.internal.RegionFactoryInitiator [main] HHH000026: Second-level cache disabled
2025-09-25 20:51:59,180 [INFO] org.springframework.orm.jpa.persistenceunit.SpringPersistenceUnitInfo [main] No LoadTimeWeaver setup: ignoring JPA class transformer
2025-09-25 20:51:59,191 [INFO] com.zaxxer.hikari.HikariDataSource [main] HikariPool-1 - Starting...
2025-09-25 20:51:59,234 [INFO] com.zaxxer.hikari.pool.HikariPool [main] HikariPool-1 - Added connection org.postgresql.jdbc.PgConnection@305e95a4
2025-09-25 20:51:59,234 [INFO] com.zaxxer.hikari.HikariDataSource [main] HikariPool-1 - Start completed.
2025-09-25 20:51:59,248 [WARN] org.hibernate.orm.deprecation [main] HHH90000025: PostgreSQLDialect does not need to be specified explicitly using 'hibernate.dialect' (remove the property setting and it will be selected by default)
2025-09-25 20:51:59,254 [INFO] org.hibernate.orm.connections.pooling [main] HHH10001005: Database info:
	Database JDBC URL [Connecting through datasource 'HikariDataSource (HikariPool-1)']
	Database driver: undefined/unknown
	Database version: 17.6
	Autocommit mode: undefined/unknown
	Isolation level: undefined/unknown
	Minimum pool size: undefined/unknown
	Maximum pool size: undefined/unknown
2025-09-25 20:51:59,529 [INFO] org.hibernate.engine.transaction.jta.platform.internal.JtaPlatformInitiator [main] HHH000489: No JTA platform available (set 'hibernate.transaction.jta.platform' to enable JTA platform integration)
2025-09-25 20:51:59,557 [INFO] org.springframework.orm.jpa.LocalContainerEntityManagerFactoryBean [main] Initialized JPA EntityManagerFactory for persistence unit 'default'
2025-09-25 20:51:59,696 [INFO] org.springframework.security.config.annotation.authentication.configuration.InitializeUserDetailsBeanManagerConfigurer$InitializeUserDetailsManagerConfigurer [main] Global AuthenticationManager configured with UserDetailsService bean with name accountService
2025-09-25 20:51:59,914 [WARN] org.springframework.boot.autoconfigure.orm.jpa.JpaBaseConfiguration$JpaWebConfiguration [main] spring.jpa.open-in-view is enabled by default. Therefore, database queries may be performed during view rendering. Explicitly configure spring.jpa.open-in-view to disable this warning
2025-09-25 20:52:00,148 [INFO] org.springframework.boot.web.embedded.tomcat.TomcatWebServer [main] Tomcat started on port 8080 (http) with context path '/'
2025-09-25 20:52:00,153 [INFO] org.omnera.picbloom.PicbloomApplication [main] Started PicbloomApplication in 1.968 seconds (process running for 2.074)
2025-09-25 20:53:03,397 [INFO] org.apache.catalina.core.ContainerBase.[Tomcat].[localhost].[/] [http-nio-8080-exec-1] Initializing Spring DispatcherServlet 'dispatcherServlet'
2025-09-25 20:53:03,397 [INFO] org.springframework.web.servlet.DispatcherServlet [http-nio-8080-exec-1] Initializing Servlet 'dispatcherServlet'
2025-09-25 20:53:03,398 [INFO] org.springframework.web.servlet.DispatcherServlet [http-nio-8080-exec-1] Completed initialization in 1 ms
2025-09-25 20:56:40,304 [WARN] org.springframework.web.servlet.PageNotFound [http-nio-8080-exec-5] No mapping for GET /db-console
2025-09-25 20:56:40,307 [WARN] org.springframework.web.servlet.PageNotFound [http-nio-8080-exec-5] No endpoint GET /db-console.
2025-09-25 20:56:40,361 [WARN] org.springframework.web.servlet.PageNotFound [http-nio-8080-exec-6] No mapping for GET /favicon.ico
2025-09-25 20:56:40,362 [WARN] org.springframework.web.servlet.PageNotFound [http-nio-8080-exec-6] No endpoint GET /favicon.ico.
2025-09-25 20:59:58,069 [WARN] org.springframework.web.servlet.PageNotFound [http-nio-8080-exec-8] No mapping for GET /
2025-09-25 20:59:58,069 [WARN] org.springframework.web.servlet.PageNotFound [http-nio-8080-exec-8] No endpoint GET /.
2025-09-25 21:00:16,698 [WARN] org.springframework.web.servlet.PageNotFound [http-nio-8080-exec-9] No mapping for GET /picbloomdb
2025-09-25 21:00:16,699 [WARN] org.springframework.web.servlet.PageNotFound [http-nio-8080-exec-9] No endpoint GET /picbloomdb.
2025-09-25 21:00:20,239 [WARN] org.springframework.web.servlet.PageNotFound [http-nio-8080-exec-2] No mapping for GET /picbloomdb
2025-09-25 21:00:20,241 [WARN] org.springframework.web.servlet.PageNotFound [http-nio-8080-exec-2] No endpoint GET /picbloomdb.
